[1.990s] Invoking command in '/home/elisa/p2/ws/src/andar': PYTHONPATH=/home/elisa/p2/ws/build/andar/prefix_override:/home/elisa/p2/ws/install/andar/lib/python3.10/site-packages:${PYTHONPATH} /usr/bin/python3 setup.py egg_info --egg-base ../../build/andar build --build-base /home/elisa/p2/ws/build/andar/build install --record /home/elisa/p2/ws/build/andar/install.log --single-version-externally-managed
[2.452s] running egg_info
[2.453s] creating ../../build/andar/andar.egg-info
[2.454s] writing ../../build/andar/andar.egg-info/PKG-INFO
[2.454s] writing dependency_links to ../../build/andar/andar.egg-info/dependency_links.txt
[2.455s] writing entry points to ../../build/andar/andar.egg-info/entry_points.txt
[2.455s] writing requirements to ../../build/andar/andar.egg-info/requires.txt
[2.455s] writing top-level names to ../../build/andar/andar.egg-info/top_level.txt
[2.455s] writing manifest file '../../build/andar/andar.egg-info/SOURCES.txt'
[2.458s] reading manifest file '../../build/andar/andar.egg-info/SOURCES.txt'
[2.459s] writing manifest file '../../build/andar/andar.egg-info/SOURCES.txt'
[2.459s] running build
[2.459s] running build_py
[2.459s] creating /home/elisa/p2/ws/build/andar/build
[2.460s] creating /home/elisa/p2/ws/build/andar/build/lib
[2.460s] creating /home/elisa/p2/ws/build/andar/build/lib/andar
[2.460s] copying andar/coordinateChatbot.py -> /home/elisa/p2/ws/build/andar/build/lib/andar
[2.481s] copying andar/initialize_pose.py -> /home/elisa/p2/ws/build/andar/build/lib/andar
[2.482s] copying andar/poseQueue.py -> /home/elisa/p2/ws/build/andar/build/lib/andar
[2.483s] copying andar/__init__.py -> /home/elisa/p2/ws/build/andar/build/lib/andar
[2.483s] copying andar/vallet.py -> /home/elisa/p2/ws/build/andar/build/lib/andar
[2.485s] running install
[2.485s] /usr/lib/python3/dist-packages/setuptools/command/install.py:34: SetuptoolsDeprecationWarning: setup.py install is deprecated. Use build and pip and other standards-based tools.
[2.485s]   warnings.warn(
[2.486s] running install_lib
[2.487s] creating /home/elisa/p2/ws/install/andar/lib/python3.10/site-packages/andar
[2.488s] copying /home/elisa/p2/ws/build/andar/build/lib/andar/coordinateChatbot.py -> /home/elisa/p2/ws/install/andar/lib/python3.10/site-packages/andar
[2.488s] copying /home/elisa/p2/ws/build/andar/build/lib/andar/initialize_pose.py -> /home/elisa/p2/ws/install/andar/lib/python3.10/site-packages/andar
[2.488s] copying /home/elisa/p2/ws/build/andar/build/lib/andar/poseQueue.py -> /home/elisa/p2/ws/install/andar/lib/python3.10/site-packages/andar
[2.488s] copying /home/elisa/p2/ws/build/andar/build/lib/andar/__init__.py -> /home/elisa/p2/ws/install/andar/lib/python3.10/site-packages/andar
[2.488s] copying /home/elisa/p2/ws/build/andar/build/lib/andar/vallet.py -> /home/elisa/p2/ws/install/andar/lib/python3.10/site-packages/andar
[2.489s] byte-compiling /home/elisa/p2/ws/install/andar/lib/python3.10/site-packages/andar/coordinateChatbot.py to coordinateChatbot.cpython-310.pyc
[2.491s] byte-compiling /home/elisa/p2/ws/install/andar/lib/python3.10/site-packages/andar/initialize_pose.py to initialize_pose.cpython-310.pyc
[2.491s] byte-compiling /home/elisa/p2/ws/install/andar/lib/python3.10/site-packages/andar/poseQueue.py to poseQueue.cpython-310.pyc
[2.492s] byte-compiling /home/elisa/p2/ws/install/andar/lib/python3.10/site-packages/andar/__init__.py to __init__.cpython-310.pyc
[2.492s] byte-compiling /home/elisa/p2/ws/install/andar/lib/python3.10/site-packages/andar/vallet.py to vallet.cpython-310.pyc
[2.493s] running install_data
[2.494s] creating /home/elisa/p2/ws/install/andar/share/ament_index
[2.494s] creating /home/elisa/p2/ws/install/andar/share/ament_index/resource_index
[2.494s] creating /home/elisa/p2/ws/install/andar/share/ament_index/resource_index/packages
[2.495s] copying resource/andar -> /home/elisa/p2/ws/install/andar/share/ament_index/resource_index/packages
[2.495s] copying package.xml -> /home/elisa/p2/ws/install/andar/share/andar
[2.495s] running install_egg_info
[2.502s] Copying ../../build/andar/andar.egg-info to /home/elisa/p2/ws/install/andar/lib/python3.10/site-packages/andar-0.0.0-py3.10.egg-info
[2.503s] running install_scripts
[2.549s] writing list of installed files to '/home/elisa/p2/ws/build/andar/install.log'
[2.608s] Invoked command in '/home/elisa/p2/ws/src/andar' returned '0': PYTHONPATH=/home/elisa/p2/ws/build/andar/prefix_override:/home/elisa/p2/ws/install/andar/lib/python3.10/site-packages:${PYTHONPATH} /usr/bin/python3 setup.py egg_info --egg-base ../../build/andar build --build-base /home/elisa/p2/ws/build/andar/build install --record /home/elisa/p2/ws/build/andar/install.log --single-version-externally-managed
