[1.233s] DEBUG:colcon:Command line arguments: ['/usr/bin/colcon', 'build']
[1.233s] DEBUG:colcon:Parsed command line arguments: Namespace(log_base=None, log_level=None, verb_name='build', build_base='build', install_base='install', merge_install=False, symlink_install=False, test_result_base=None, continue_on_error=False, executor='parallel', parallel_workers=8, event_handlers=None, ignore_user_meta=False, metas=['./colcon.meta'], base_paths=['.'], packages_ignore=None, packages_ignore_regex=None, paths=None, packages_up_to=None, packages_up_to_regex=None, packages_above=None, packages_above_and_dependencies=None, packages_above_depth=None, packages_select_by_dep=None, packages_skip_by_dep=None, packages_skip_up_to=None, packages_select_build_failed=False, packages_skip_build_finished=False, packages_select_test_failures=False, packages_skip_test_passed=False, packages_select=None, packages_skip=None, packages_select_regex=None, packages_skip_regex=None, packages_start=None, packages_end=None, allow_overriding=[], cmake_args=None, cmake_target=None, cmake_target_skip_unavailable=False, cmake_clean_cache=False, cmake_clean_first=False, cmake_force_configure=False, ament_cmake_args=None, catkin_cmake_args=None, catkin_skip_building_tests=False, verb_parser=<colcon_defaults.argument_parser.defaults.DefaultArgumentsDecorator object at 0x7f8681e97880>, verb_extension=<colcon_core.verb.build.BuildVerb object at 0x7f86822cbdc0>, main=<bound method BuildVerb.main of <colcon_core.verb.build.BuildVerb object at 0x7f86822cbdc0>>)
[1.844s] Level 1:colcon.colcon_core.package_discovery:discover_packages(colcon_meta) check parameters
[1.844s] Level 1:colcon.colcon_core.package_discovery:discover_packages(recursive) check parameters
[1.844s] Level 1:colcon.colcon_core.package_discovery:discover_packages(ignore) check parameters
[1.844s] Level 1:colcon.colcon_core.package_discovery:discover_packages(path) check parameters
[1.844s] Level 1:colcon.colcon_core.package_discovery:discover_packages(colcon_meta) discover
[1.844s] Level 1:colcon.colcon_core.package_discovery:discover_packages(recursive) discover
[1.844s] INFO:colcon.colcon_core.package_discovery:Crawling recursively for packages in '/home/elisa/p2/ws'
[1.844s] Level 1:colcon.colcon_core.package_identification:_identify(.) by extensions ['ignore', 'ignore_ament_install']
[1.844s] Level 1:colcon.colcon_core.package_identification:_identify(.) by extension 'ignore'
[1.844s] Level 1:colcon.colcon_core.package_identification:_identify(.) by extension 'ignore_ament_install'
[1.844s] Level 1:colcon.colcon_core.package_identification:_identify(.) by extensions ['colcon_pkg']
[1.844s] Level 1:colcon.colcon_core.package_identification:_identify(.) by extension 'colcon_pkg'
[1.845s] Level 1:colcon.colcon_core.package_identification:_identify(.) by extensions ['colcon_meta']
[1.845s] Level 1:colcon.colcon_core.package_identification:_identify(.) by extension 'colcon_meta'
[1.845s] Level 1:colcon.colcon_core.package_identification:_identify(.) by extensions ['ros']
[1.845s] Level 1:colcon.colcon_core.package_identification:_identify(.) by extension 'ros'
[1.856s] Level 1:colcon.colcon_core.package_identification:_identify(.) by extensions ['cmake', 'python']
[1.856s] Level 1:colcon.colcon_core.package_identification:_identify(.) by extension 'cmake'
[1.856s] Level 1:colcon.colcon_core.package_identification:_identify(.) by extension 'python'
[1.856s] Level 1:colcon.colcon_core.package_identification:_identify(.) by extensions ['python_setup_py']
[1.856s] Level 1:colcon.colcon_core.package_identification:_identify(.) by extension 'python_setup_py'
[1.856s] Level 1:colcon.colcon_core.package_identification:_identify(build) by extensions ['ignore', 'ignore_ament_install']
[1.856s] Level 1:colcon.colcon_core.package_identification:_identify(build) by extension 'ignore'
[1.856s] Level 1:colcon.colcon_core.package_identification:_identify(build) ignored
[1.856s] Level 1:colcon.colcon_core.package_identification:_identify(install) by extensions ['ignore', 'ignore_ament_install']
[1.856s] Level 1:colcon.colcon_core.package_identification:_identify(install) by extension 'ignore'
[1.856s] Level 1:colcon.colcon_core.package_identification:_identify(install) ignored
[1.856s] Level 1:colcon.colcon_core.package_identification:_identify(log) by extensions ['ignore', 'ignore_ament_install']
[1.856s] Level 1:colcon.colcon_core.package_identification:_identify(log) by extension 'ignore'
[1.856s] Level 1:colcon.colcon_core.package_identification:_identify(log) ignored
[1.856s] Level 1:colcon.colcon_core.package_identification:_identify(src) by extensions ['ignore', 'ignore_ament_install']
[1.856s] Level 1:colcon.colcon_core.package_identification:_identify(src) by extension 'ignore'
[1.857s] Level 1:colcon.colcon_core.package_identification:_identify(src) by extension 'ignore_ament_install'
[1.857s] Level 1:colcon.colcon_core.package_identification:_identify(src) by extensions ['colcon_pkg']
[1.857s] Level 1:colcon.colcon_core.package_identification:_identify(src) by extension 'colcon_pkg'
[1.857s] Level 1:colcon.colcon_core.package_identification:_identify(src) by extensions ['colcon_meta']
[1.857s] Level 1:colcon.colcon_core.package_identification:_identify(src) by extension 'colcon_meta'
[1.857s] Level 1:colcon.colcon_core.package_identification:_identify(src) by extensions ['ros']
[1.857s] Level 1:colcon.colcon_core.package_identification:_identify(src) by extension 'ros'
[1.857s] Level 1:colcon.colcon_core.package_identification:_identify(src) by extensions ['cmake', 'python']
[1.857s] Level 1:colcon.colcon_core.package_identification:_identify(src) by extension 'cmake'
[1.857s] Level 1:colcon.colcon_core.package_identification:_identify(src) by extension 'python'
[1.857s] Level 1:colcon.colcon_core.package_identification:_identify(src) by extensions ['python_setup_py']
[1.857s] Level 1:colcon.colcon_core.package_identification:_identify(src) by extension 'python_setup_py'
[1.857s] Level 1:colcon.colcon_core.package_identification:_identify(src/andar) by extensions ['ignore', 'ignore_ament_install']
[1.857s] Level 1:colcon.colcon_core.package_identification:_identify(src/andar) by extension 'ignore'
[1.857s] Level 1:colcon.colcon_core.package_identification:_identify(src/andar) by extension 'ignore_ament_install'
[1.857s] Level 1:colcon.colcon_core.package_identification:_identify(src/andar) by extensions ['colcon_pkg']
[1.857s] Level 1:colcon.colcon_core.package_identification:_identify(src/andar) by extension 'colcon_pkg'
[1.857s] Level 1:colcon.colcon_core.package_identification:_identify(src/andar) by extensions ['colcon_meta']
[1.857s] Level 1:colcon.colcon_core.package_identification:_identify(src/andar) by extension 'colcon_meta'
[1.857s] Level 1:colcon.colcon_core.package_identification:_identify(src/andar) by extensions ['ros']
[1.857s] Level 1:colcon.colcon_core.package_identification:_identify(src/andar) by extension 'ros'
[1.860s] DEBUG:colcon.colcon_core.package_identification:Package 'src/andar' with type 'ros.ament_python' and name 'andar'
[1.860s] Level 1:colcon.colcon_core.package_identification:_identify(src/mapear) by extensions ['ignore', 'ignore_ament_install']
[1.861s] Level 1:colcon.colcon_core.package_identification:_identify(src/mapear) by extension 'ignore'
[1.861s] Level 1:colcon.colcon_core.package_identification:_identify(src/mapear) by extension 'ignore_ament_install'
[1.861s] Level 1:colcon.colcon_core.package_identification:_identify(src/mapear) by extensions ['colcon_pkg']
[1.861s] Level 1:colcon.colcon_core.package_identification:_identify(src/mapear) by extension 'colcon_pkg'
[1.861s] Level 1:colcon.colcon_core.package_identification:_identify(src/mapear) by extensions ['colcon_meta']
[1.861s] Level 1:colcon.colcon_core.package_identification:_identify(src/mapear) by extension 'colcon_meta'
[1.861s] Level 1:colcon.colcon_core.package_identification:_identify(src/mapear) by extensions ['ros']
[1.861s] Level 1:colcon.colcon_core.package_identification:_identify(src/mapear) by extension 'ros'
[1.861s] DEBUG:colcon.colcon_core.package_identification:Package 'src/mapear' with type 'ros.ament_python' and name 'mapear'
[1.862s] Level 1:colcon.colcon_core.package_discovery:discover_packages(recursive) using defaults
[1.862s] Level 1:colcon.colcon_core.package_discovery:discover_packages(ignore) discover
[1.862s] Level 1:colcon.colcon_core.package_discovery:discover_packages(ignore) using defaults
[1.862s] Level 1:colcon.colcon_core.package_discovery:discover_packages(path) discover
[1.862s] Level 1:colcon.colcon_core.package_discovery:discover_packages(path) using defaults
[1.986s] Level 1:colcon.colcon_core.package_discovery:discover_packages(prefix_path) check parameters
[1.986s] Level 1:colcon.colcon_core.package_discovery:discover_packages(prefix_path) discover
[2.017s] DEBUG:colcon.colcon_installed_package_information.package_discovery:Found 2 installed packages in /home/elisa/b/grupo4/src/bridge/nav_workspace/install
[2.030s] DEBUG:colcon.colcon_installed_package_information.package_discovery:Found 387 installed packages in /opt/ros/humble
[2.032s] Level 1:colcon.colcon_core.package_discovery:discover_packages(prefix_path) using defaults
[2.144s] Level 5:colcon.colcon_core.verb:set package 'andar' build argument 'cmake_args' from command line to 'None'
[2.144s] Level 5:colcon.colcon_core.verb:set package 'andar' build argument 'cmake_target' from command line to 'None'
[2.144s] Level 5:colcon.colcon_core.verb:set package 'andar' build argument 'cmake_target_skip_unavailable' from command line to 'False'
[2.144s] Level 5:colcon.colcon_core.verb:set package 'andar' build argument 'cmake_clean_cache' from command line to 'False'
[2.144s] Level 5:colcon.colcon_core.verb:set package 'andar' build argument 'cmake_clean_first' from command line to 'False'
[2.144s] Level 5:colcon.colcon_core.verb:set package 'andar' build argument 'cmake_force_configure' from command line to 'False'
[2.144s] Level 5:colcon.colcon_core.verb:set package 'andar' build argument 'ament_cmake_args' from command line to 'None'
[2.144s] Level 5:colcon.colcon_core.verb:set package 'andar' build argument 'catkin_cmake_args' from command line to 'None'
[2.144s] Level 5:colcon.colcon_core.verb:set package 'andar' build argument 'catkin_skip_building_tests' from command line to 'False'
[2.144s] DEBUG:colcon.colcon_core.verb:Building package 'andar' with the following arguments: {'ament_cmake_args': None, 'build_base': '/home/elisa/p2/ws/build/andar', 'catkin_cmake_args': None, 'catkin_skip_building_tests': False, 'cmake_args': None, 'cmake_clean_cache': False, 'cmake_clean_first': False, 'cmake_force_configure': False, 'cmake_target': None, 'cmake_target_skip_unavailable': False, 'install_base': '/home/elisa/p2/ws/install/andar', 'merge_install': False, 'path': '/home/elisa/p2/ws/src/andar', 'symlink_install': False, 'test_result_base': None}
[2.157s] Level 5:colcon.colcon_core.verb:set package 'mapear' build argument 'cmake_args' from command line to 'None'
[2.157s] Level 5:colcon.colcon_core.verb:set package 'mapear' build argument 'cmake_target' from command line to 'None'
[2.157s] Level 5:colcon.colcon_core.verb:set package 'mapear' build argument 'cmake_target_skip_unavailable' from command line to 'False'
[2.157s] Level 5:colcon.colcon_core.verb:set package 'mapear' build argument 'cmake_clean_cache' from command line to 'False'
[2.157s] Level 5:colcon.colcon_core.verb:set package 'mapear' build argument 'cmake_clean_first' from command line to 'False'
[2.157s] Level 5:colcon.colcon_core.verb:set package 'mapear' build argument 'cmake_force_configure' from command line to 'False'
[2.157s] Level 5:colcon.colcon_core.verb:set package 'mapear' build argument 'ament_cmake_args' from command line to 'None'
[2.157s] Level 5:colcon.colcon_core.verb:set package 'mapear' build argument 'catkin_cmake_args' from command line to 'None'
[2.157s] Level 5:colcon.colcon_core.verb:set package 'mapear' build argument 'catkin_skip_building_tests' from command line to 'False'
[2.157s] DEBUG:colcon.colcon_core.verb:Building package 'mapear' with the following arguments: {'ament_cmake_args': None, 'build_base': '/home/elisa/p2/ws/build/mapear', 'catkin_cmake_args': None, 'catkin_skip_building_tests': False, 'cmake_args': None, 'cmake_clean_cache': False, 'cmake_clean_first': False, 'cmake_force_configure': False, 'cmake_target': None, 'cmake_target_skip_unavailable': False, 'install_base': '/home/elisa/p2/ws/install/mapear', 'merge_install': False, 'path': '/home/elisa/p2/ws/src/mapear', 'symlink_install': False, 'test_result_base': None}
[2.169s] INFO:colcon.colcon_core.executor:Executing jobs using 'parallel' executor
[2.182s] DEBUG:colcon.colcon_parallel_executor.executor.parallel:run_until_complete
[2.182s] INFO:colcon.colcon_ros.task.ament_python.build:Building ROS package in '/home/elisa/p2/ws/src/andar' with build type 'ament_python'
[2.182s] Level 1:colcon.colcon_core.shell:create_environment_hook('andar', 'ament_prefix_path')
[2.205s] INFO:colcon.colcon_core.plugin_system:Skipping extension 'colcon_core.shell.bat': Not used on non-Windows systems
[2.206s] INFO:colcon.colcon_core.shell:Creating environment hook '/home/elisa/p2/ws/install/andar/share/andar/hook/ament_prefix_path.ps1'
[2.207s] INFO:colcon.colcon_core.shell:Creating environment descriptor '/home/elisa/p2/ws/install/andar/share/andar/hook/ament_prefix_path.dsv'
[2.208s] INFO:colcon.colcon_core.shell:Creating environment hook '/home/elisa/p2/ws/install/andar/share/andar/hook/ament_prefix_path.sh'
[2.222s] INFO:colcon.colcon_core.shell:Skip shell extension 'powershell' for command environment: Not usable outside of PowerShell
[2.222s] DEBUG:colcon.colcon_core.shell:Skip shell extension 'dsv' for command environment
[2.454s] INFO:colcon.colcon_ros.task.ament_python.build:Building ROS package in '/home/elisa/p2/ws/src/mapear' with build type 'ament_python'
[2.454s] Level 1:colcon.colcon_core.shell:create_environment_hook('mapear', 'ament_prefix_path')
[2.467s] INFO:colcon.colcon_core.shell:Creating environment hook '/home/elisa/p2/ws/install/mapear/share/mapear/hook/ament_prefix_path.ps1'
[2.495s] INFO:colcon.colcon_core.shell:Creating environment descriptor '/home/elisa/p2/ws/install/mapear/share/mapear/hook/ament_prefix_path.dsv'
[2.496s] INFO:colcon.colcon_core.shell:Creating environment hook '/home/elisa/p2/ws/install/mapear/share/mapear/hook/ament_prefix_path.sh'
[2.507s] INFO:colcon.colcon_core.shell:Skip shell extension 'powershell' for command environment: Not usable outside of PowerShell
[2.508s] DEBUG:colcon.colcon_core.shell:Skip shell extension 'dsv' for command environment
[2.821s] INFO:colcon.colcon_core.task.python.build:Building Python package in '/home/elisa/p2/ws/src/andar'
[2.834s] INFO:colcon.colcon_core.shell:Skip shell extension 'powershell' for command environment: Not usable outside of PowerShell
[2.834s] DEBUG:colcon.colcon_core.shell:Skip shell extension 'dsv' for command environment
[3.160s] INFO:colcon.colcon_core.task.python.build:Building Python package in '/home/elisa/p2/ws/src/mapear'
[3.178s] INFO:colcon.colcon_core.shell:Skip shell extension 'powershell' for command environment: Not usable outside of PowerShell
[3.178s] DEBUG:colcon.colcon_core.shell:Skip shell extension 'dsv' for command environment
[4.164s] DEBUG:colcon.colcon_core.event_handler.log_command:Invoking command in '/home/elisa/p2/ws/src/mapear': PYTHONPATH=/home/elisa/p2/ws/build/mapear/prefix_override:/home/elisa/p2/ws/install/mapear/lib/python3.10/site-packages:${PYTHONPATH} /usr/bin/python3 setup.py egg_info --egg-base ../../build/mapear build --build-base /home/elisa/p2/ws/build/mapear/build install --record /home/elisa/p2/ws/build/mapear/install.log --single-version-externally-managed
[4.172s] DEBUG:colcon.colcon_core.event_handler.log_command:Invoking command in '/home/elisa/p2/ws/src/andar': PYTHONPATH=/home/elisa/p2/ws/build/andar/prefix_override:/home/elisa/p2/ws/install/andar/lib/python3.10/site-packages:${PYTHONPATH} /usr/bin/python3 setup.py egg_info --egg-base ../../build/andar build --build-base /home/elisa/p2/ws/build/andar/build install --record /home/elisa/p2/ws/build/andar/install.log --single-version-externally-managed
[4.790s] DEBUG:colcon.colcon_core.event_handler.log_command:Invoked command in '/home/elisa/p2/ws/src/andar' returned '0': PYTHONPATH=/home/elisa/p2/ws/build/andar/prefix_override:/home/elisa/p2/ws/install/andar/lib/python3.10/site-packages:${PYTHONPATH} /usr/bin/python3 setup.py egg_info --egg-base ../../build/andar build --build-base /home/elisa/p2/ws/build/andar/build install --record /home/elisa/p2/ws/build/andar/install.log --single-version-externally-managed
[4.838s] Level 1:colcon.colcon_core.environment:checking '/home/elisa/p2/ws/install/andar' for CMake module files
[4.839s] Level 1:colcon.colcon_core.environment:checking '/home/elisa/p2/ws/install/andar' for CMake config files
[4.841s] Level 1:colcon.colcon_core.environment:checking '/home/elisa/p2/ws/install/andar/lib'
[4.841s] Level 1:colcon.colcon_core.environment:checking '/home/elisa/p2/ws/install/andar/bin'
[4.842s] Level 1:colcon.colcon_core.environment:checking '/home/elisa/p2/ws/install/andar/lib/pkgconfig/andar.pc'
[4.842s] Level 1:colcon.colcon_core.environment:checking '/home/elisa/p2/ws/install/andar/lib/python3.10/site-packages'
[4.842s] Level 1:colcon.colcon_core.shell:create_environment_hook('andar', 'pythonpath')
[4.870s] INFO:colcon.colcon_core.shell:Creating environment hook '/home/elisa/p2/ws/install/andar/share/andar/hook/pythonpath.ps1'
[4.871s] INFO:colcon.colcon_core.shell:Creating environment descriptor '/home/elisa/p2/ws/install/andar/share/andar/hook/pythonpath.dsv'
[4.871s] INFO:colcon.colcon_core.shell:Creating environment hook '/home/elisa/p2/ws/install/andar/share/andar/hook/pythonpath.sh'
[4.872s] Level 1:colcon.colcon_core.environment:checking '/home/elisa/p2/ws/install/andar/bin'
[4.873s] Level 1:colcon.colcon_core.environment:create_environment_scripts_only(andar)
[4.902s] INFO:colcon.colcon_core.shell:Creating package script '/home/elisa/p2/ws/install/andar/share/andar/package.ps1'
[4.907s] INFO:colcon.colcon_core.shell:Creating package descriptor '/home/elisa/p2/ws/install/andar/share/andar/package.dsv'
[4.908s] INFO:colcon.colcon_core.shell:Creating package script '/home/elisa/p2/ws/install/andar/share/andar/package.sh'
[4.910s] INFO:colcon.colcon_core.shell:Creating package script '/home/elisa/p2/ws/install/andar/share/andar/package.bash'
[4.912s] INFO:colcon.colcon_core.shell:Creating package script '/home/elisa/p2/ws/install/andar/share/andar/package.zsh'
[4.914s] Level 1:colcon.colcon_core.environment:create_file_with_runtime_dependencies(/home/elisa/p2/ws/install/andar/share/colcon-core/packages/andar)
[4.918s] DEBUG:colcon.colcon_core.event_handler.log_command:Invoked command in '/home/elisa/p2/ws/src/mapear' returned '0': PYTHONPATH=/home/elisa/p2/ws/build/mapear/prefix_override:/home/elisa/p2/ws/install/mapear/lib/python3.10/site-packages:${PYTHONPATH} /usr/bin/python3 setup.py egg_info --egg-base ../../build/mapear build --build-base /home/elisa/p2/ws/build/mapear/build install --record /home/elisa/p2/ws/build/mapear/install.log --single-version-externally-managed
[4.945s] Level 1:colcon.colcon_core.environment:checking '/home/elisa/p2/ws/install/mapear' for CMake module files
[4.946s] Level 1:colcon.colcon_core.environment:checking '/home/elisa/p2/ws/install/mapear' for CMake config files
[4.947s] Level 1:colcon.colcon_core.environment:checking '/home/elisa/p2/ws/install/mapear/lib'
[4.947s] Level 1:colcon.colcon_core.environment:checking '/home/elisa/p2/ws/install/mapear/bin'
[4.947s] Level 1:colcon.colcon_core.environment:checking '/home/elisa/p2/ws/install/mapear/lib/pkgconfig/mapear.pc'
[4.947s] Level 1:colcon.colcon_core.environment:checking '/home/elisa/p2/ws/install/mapear/lib/python3.10/site-packages'
[4.947s] Level 1:colcon.colcon_core.shell:create_environment_hook('mapear', 'pythonpath')
[4.973s] INFO:colcon.colcon_core.shell:Creating environment hook '/home/elisa/p2/ws/install/mapear/share/mapear/hook/pythonpath.ps1'
[4.974s] INFO:colcon.colcon_core.shell:Creating environment descriptor '/home/elisa/p2/ws/install/mapear/share/mapear/hook/pythonpath.dsv'
[4.974s] INFO:colcon.colcon_core.shell:Creating environment hook '/home/elisa/p2/ws/install/mapear/share/mapear/hook/pythonpath.sh'
[4.975s] Level 1:colcon.colcon_core.environment:checking '/home/elisa/p2/ws/install/mapear/bin'
[4.975s] Level 1:colcon.colcon_core.environment:create_environment_scripts_only(mapear)
[5.000s] INFO:colcon.colcon_core.shell:Creating package script '/home/elisa/p2/ws/install/mapear/share/mapear/package.ps1'
[5.002s] INFO:colcon.colcon_core.shell:Creating package descriptor '/home/elisa/p2/ws/install/mapear/share/mapear/package.dsv'
[5.003s] INFO:colcon.colcon_core.shell:Creating package script '/home/elisa/p2/ws/install/mapear/share/mapear/package.sh'
[5.004s] INFO:colcon.colcon_core.shell:Creating package script '/home/elisa/p2/ws/install/mapear/share/mapear/package.bash'
[5.004s] INFO:colcon.colcon_core.shell:Creating package script '/home/elisa/p2/ws/install/mapear/share/mapear/package.zsh'
[5.005s] Level 1:colcon.colcon_core.environment:create_file_with_runtime_dependencies(/home/elisa/p2/ws/install/mapear/share/colcon-core/packages/mapear)
[5.005s] DEBUG:colcon.colcon_parallel_executor.executor.parallel:closing loop
[5.006s] DEBUG:colcon.colcon_parallel_executor.executor.parallel:loop closed
[5.006s] DEBUG:colcon.colcon_parallel_executor.executor.parallel:run_until_complete finished with '0'
[5.007s] DEBUG:colcon.colcon_core.event_reactor:joining thread
[5.045s] INFO:colcon.colcon_core.plugin_system:Skipping extension 'colcon_notification.desktop_notification.terminal_notifier': Not used on non-Darwin systems
[5.045s] INFO:colcon.colcon_core.plugin_system:Skipping extension 'colcon_notification.desktop_notification.win32': Not used on non-Windows systems
[5.045s] INFO:colcon.colcon_notification.desktop_notification:Sending desktop notification using 'notify2'
[5.075s] DEBUG:colcon.colcon_core.event_reactor:joined thread
[5.103s] INFO:colcon.colcon_core.shell:Creating prefix script '/home/elisa/p2/ws/install/local_setup.ps1'
[5.107s] INFO:colcon.colcon_core.shell:Creating prefix util module '/home/elisa/p2/ws/install/_local_setup_util_ps1.py'
[5.110s] INFO:colcon.colcon_core.shell:Creating prefix chain script '/home/elisa/p2/ws/install/setup.ps1'
[5.143s] INFO:colcon.colcon_core.shell:Creating prefix script '/home/elisa/p2/ws/install/local_setup.sh'
[5.149s] INFO:colcon.colcon_core.shell:Creating prefix util module '/home/elisa/p2/ws/install/_local_setup_util_sh.py'
[5.150s] INFO:colcon.colcon_core.shell:Creating prefix chain script '/home/elisa/p2/ws/install/setup.sh'
[5.181s] INFO:colcon.colcon_core.shell:Creating prefix script '/home/elisa/p2/ws/install/local_setup.bash'
[5.183s] INFO:colcon.colcon_core.shell:Creating prefix chain script '/home/elisa/p2/ws/install/setup.bash'
[5.213s] INFO:colcon.colcon_core.shell:Creating prefix script '/home/elisa/p2/ws/install/local_setup.zsh'
[5.216s] INFO:colcon.colcon_core.shell:Creating prefix chain script '/home/elisa/p2/ws/install/setup.zsh'
