running egg_info
writing ../../build/mapear/mapear.egg-info/PKG-INFO
writing dependency_links to ../../build/mapear/mapear.egg-info/dependency_links.txt
writing entry points to ../../build/mapear/mapear.egg-info/entry_points.txt
writing requirements to ../../build/mapear/mapear.egg-info/requires.txt
writing top-level names to ../../build/mapear/mapear.egg-info/top_level.txt
reading manifest file '../../build/mapear/mapear.egg-info/SOURCES.txt'
writing manifest file '../../build/mapear/mapear.egg-info/SOURCES.txt'
running build
running build_py
creating /home/elisa/p2/ws/build/mapear/build
creating /home/elisa/p2/ws/build/mapear/build/lib
creating /home/elisa/p2/ws/build/mapear/build/lib/mapear
copying mapear/__init__.py -> /home/elisa/p2/ws/build/mapear/build/lib/mapear
/usr/lib/python3/dist-packages/setuptools/command/install.py:34: SetuptoolsDeprecationWarning: setup.py install is deprecated. Use build and pip and other standards-based tools.
  warnings.warn(
running install
running install_lib
creating /home/elisa/p2/ws/install/mapear/lib/python3.10/site-packages/mapear
copying /home/elisa/p2/ws/build/mapear/build/lib/mapear/__init__.py -> /home/elisa/p2/ws/install/mapear/lib/python3.10/site-packages/mapear
byte-compiling /home/elisa/p2/ws/install/mapear/lib/python3.10/site-packages/mapear/__init__.py to __init__.cpython-310.pyc
running install_data
copying resource/mapear -> /home/elisa/p2/ws/install/mapear/share/ament_index/resource_index/packages
copying package.xml -> /home/elisa/p2/ws/install/mapear/share/mapear
running install_egg_info
Copying ../../build/mapear/mapear.egg-info to /home/elisa/p2/ws/install/mapear/lib/python3.10/site-packages/mapear-0.0.0-py3.10.egg-info
running install_scripts
writing list of installed files to '/home/elisa/p2/ws/build/mapear/install.log'
